<?xml version="1.0" encoding="UTF-8"?>
<!-- Generated by org.testng.reporters.JUnitXMLReporter -->
<testsuite hostname="DESKTOP-4LLB9RA" ignored="0" name="Test" tests="17" failures="0" timestamp="2022-03-13T01:46:49 IST" time="6.737" errors="0">
  <testcase name="@BeforeTest startUp" time="6.577" classname="testNgProgram.GoogleApplicationBeforeAfterTest">
    <failure type="org.openqa.selenium.WebDriverException" message="unknown error: net::ERR_INTERNET_DISCONNECTED
  (Session info: chrome=99.0.4844.51)
Build info: version: &amp;apos;3.141.59&amp;apos;, revision: &amp;apos;e82be7d358&amp;apos;, time: &amp;apos;2018-11-14T08:25:48&amp;apos;
System info: host: &amp;apos;DESKTOP-4LLB9RA&amp;apos;, ip: &amp;apos;127.0.0.1&amp;apos;, os.name: &amp;apos;Windows 10&amp;apos;, os.arch: &amp;apos;amd64&amp;apos;, os.version: &amp;apos;10.0&amp;apos;, java.version: &amp;apos;1.8.0_202&amp;apos;
Driver info: org.openqa.selenium.chrome.ChromeDriver
Capabilities {acceptInsecureCerts: false, browserName: chrome, browserVersion: 99.0.4844.51, chrome: {chromedriverVersion: 99.0.4844.51 (d537ec02474b5..., userDataDir: C:\Users\DELL\AppData\Local...}, goog:chromeOptions: {debuggerAddress: localhost:64149}, javascriptEnabled: true, networkConnectionEnabled: false, pageLoadStrategy: normal, platform: WINDOWS, platformName: WINDOWS, proxy: Proxy(), setWindowRect: true, strictFileInteractability: false, timeouts: {implicit: 0, pageLoad: 300000, script: 30000}, unhandledPromptBehavior: dismiss and notify, webauthn:extension:credBlob: true, webauthn:extension:largeBlob: true, webauthn:virtualAuthenticators: true}
Session ID: 1210489f4a051f25545008ea602a238d">
      <![CDATA[org.openqa.selenium.WebDriverException: unknown error: net::ERR_INTERNET_DISCONNECTED
  (Session info: chrome=99.0.4844.51)
Build info: version: '3.141.59', revision: 'e82be7d358', time: '2018-11-14T08:25:48'
System info: host: 'DESKTOP-4LLB9RA', ip: '127.0.0.1', os.name: 'Windows 10', os.arch: 'amd64', os.version: '10.0', java.version: '1.8.0_202'
Driver info: org.openqa.selenium.chrome.ChromeDriver
Capabilities {acceptInsecureCerts: false, browserName: chrome, browserVersion: 99.0.4844.51, chrome: {chromedriverVersion: 99.0.4844.51 (d537ec02474b5..., userDataDir: C:\Users\DELL\AppData\Local...}, goog:chromeOptions: {debuggerAddress: localhost:64149}, javascriptEnabled: true, networkConnectionEnabled: false, pageLoadStrategy: normal, platform: WINDOWS, platformName: WINDOWS, proxy: Proxy(), setWindowRect: true, strictFileInteractability: false, timeouts: {implicit: 0, pageLoad: 300000, script: 30000}, unhandledPromptBehavior: dismiss and notify, webauthn:extension:credBlob: true, webauthn:extension:largeBlob: true, webauthn:virtualAuthenticators: true}
Session ID: 1210489f4a051f25545008ea602a238d
at org.openqa.selenium.remote.http.W3CHttpResponseCodec.createException(W3CHttpResponseCodec.java:187)
at org.openqa.selenium.remote.http.W3CHttpResponseCodec.decode(W3CHttpResponseCodec.java:122)
at org.openqa.selenium.remote.http.W3CHttpResponseCodec.decode(W3CHttpResponseCodec.java:49)
at org.openqa.selenium.remote.HttpCommandExecutor.execute(HttpCommandExecutor.java:158)
at org.openqa.selenium.remote.service.DriverCommandExecutor.execute(DriverCommandExecutor.java:83)
at org.openqa.selenium.remote.RemoteWebDriver.execute(RemoteWebDriver.java:552)
at org.openqa.selenium.remote.RemoteWebDriver.get(RemoteWebDriver.java:277)
at testNgProgram.Utility.setUp(Utility.java:31)
at testNgProgram.GoogleApplicationBeforeAfterTest.startUp(GoogleApplicationBeforeAfterTest.java:34)
... Removed 28 stack frames]]>
    </failure>
  </testcase> <!-- @BeforeTest startUp -->
  <testcase name="@BeforeMethod startUp" time="-1.647116209074E9" classname="testNgProgram.BeforeApplicationWithBeforeAfterMethod">
    <skipped/>
  </testcase> <!-- @BeforeMethod startUp -->
  <testcase name="@AfterMethod cleanUp" time="-1.647116209086E9" classname="testNgProgram.BeforeApplicationWithBeforeAfterMethod">
    <skipped/>
  </testcase> <!-- @AfterMethod cleanUp -->
  <testcase name="@BeforeMethod startUp" time="-1.647116209088E9" classname="testNgProgram.BeforeApplicationWithBeforeAfterMethod">
    <skipped/>
  </testcase> <!-- @BeforeMethod startUp -->
  <testcase name="@AfterMethod cleanUp" time="-1.647116209096E9" classname="testNgProgram.BeforeApplicationWithBeforeAfterMethod">
    <skipped/>
  </testcase> <!-- @AfterMethod cleanUp -->
  <testcase name="@AfterTest cleanup" time="-1.647116209098E9" classname="testNgProgram.GoogleApplicationBeforeAfterTest">
    <skipped/>
  </testcase> <!-- @AfterTest cleanup -->
  <testcase name="login" time="0.0" classname="testNgProgram.ActitimeLogin">
    <skipped/>
  </testcase> <!-- login -->
  <testcase name="logoutApp" time="0.0" classname="testNgProgram.ActitimeLogin">
    <skipped/>
  </testcase> <!-- logoutApp -->
  <testcase name="testCase1" time="0.0" classname="testNgProgram.GroupExample">
    <skipped/>
  </testcase> <!-- testCase1 -->
  <testcase name="testCase2" time="0.0" classname="testNgProgram.GroupExample">
    <skipped/>
  </testcase> <!-- testCase2 -->
  <testcase name="testCase3" time="0.0" classname="testNgProgram.GroupExample">
    <skipped/>
  </testcase> <!-- testCase3 -->
  <testcase name="testCase4" time="0.0" classname="testNgProgram.GroupExample">
    <skipped/>
  </testcase> <!-- testCase4 -->
  <testcase name="loginwithAssert" time="0.0" classname="testNgProgram.ActitimeLoginWithAssertCOndition">
    <skipped/>
  </testcase> <!-- loginwithAssert -->
  <testcase name="logout" time="0.0" classname="testNgProgram.ActitimeLoginWithAssertCOndition">
    <skipped/>
  </testcase> <!-- logout -->
  <testcase name="deleteAndVerifyTask" time="0.0" classname="testNgProgram.ActiTimeTask">
    <skipped/>
  </testcase> <!-- deleteAndVerifyTask -->
  <testcase name="logoutAndClose" time="0.0" classname="testNgProgram.ActiTimeTask">
    <skipped/>
  </testcase> <!-- logoutAndClose -->
  <testcase name="modifyAndVerifyTask" time="0.0" classname="testNgProgram.ActiTimeTask">
    <skipped/>
  </testcase> <!-- modifyAndVerifyTask -->
  <testcase name="openBroserAndLogin" time="0.0" classname="testNgProgram.ActiTimeTask">
    <skipped/>
  </testcase> <!-- openBroserAndLogin -->
  <testcase name="createAndVerifyTask" time="0.0" classname="testNgProgram.ActiTimeTask">
    <skipped/>
  </testcase> <!-- createAndVerifyTask -->
  <testcase name="googlePageLanding" time="0.0" classname="testNgProgram.GoogleApplicationBeforeAfterTest">
    <skipped/>
  </testcase> <!-- googlePageLanding -->
  <testcase name="searchText" time="0.0" classname="testNgProgram.GoogleApplicationBeforeAfterTest">
    <skipped/>
  </testcase> <!-- searchText -->
  <testcase name="googlePageLanding" time="0.0" classname="testNgProgram.BeforeApplicationWithBeforeAfterMethod">
    <skipped/>
  </testcase> <!-- googlePageLanding -->
  <testcase name="testSearch" time="0.0" classname="testNgProgram.BeforeApplicationWithBeforeAfterMethod">
    <skipped/>
  </testcase> <!-- testSearch -->
</testsuite> <!-- Test -->
